

                                                   ,,                                   ,,
         .g8"""bgd                         mm      db  MMP""MM""YMM                   '7MM
       .dP'     'M                         MM          P'   MM   '7                     MM
       dM'       '  ,pW"Wq.  '7MMpMMMb.  mmMMmm  '7MM       MM       .gP"Ya   ,p6"bo    MMpMMMb.
       MM          6W'   'Wb   MM    MM    MM      MM       MM      ,M'   Yb 6M'  OO    MM    MM
       MM.         8M     M8   MM    MM    MM      MM       MM      8M"""""" 8M         MM    MM
       'Mb.     ,' YA.   ,A9   MM    MM    MM      MM       MM      YM.    , YM.    ,   MM    MM
         '"bmmmd'   'Ybmd9'  .JMML  JMML.  'Mbmo .JMML.   .JMML.     'Mbmmd'  YMbmd'  .JMML  JMML.

                                       Division of Continental
                                         Sonepat, IN - Asia
                                   CTSWx04.tiretech2.contiwan.com
                                       Connected on VTY line 2

      You are now logging into a ContiTech controlled Network device.  All activities are monitored.

      This system is for the use of authorized personnel only. Individuals using this system without
      authority, or in excess of their authority, are subject to having all of their privileges on
      this system revoked.

      Anyone using this system expressly consents to monitoring and is advised that if such
      monitoring reveals possible evidence of criminal or malicious activity, system personnel may
      provide the evidence to law enforcement officials for criminal prosecution.



CTSWx04>
CTSWx04>terminal width 511
CTSWx04>terminal length 0
CTSWx04>
CTSWx04>
CTSWx04>enable
Password:
CTSWx04#
CTSWx04#
CTSWx04#show version
Cisco IOS Software, C2960X Software (C2960X-UNIVERSALK9-M), Version 15.2(7)E9, RELEASE SOFTWARE (fc1)
Technical Support: http://www.cisco.com/techsupport
Copyright (c) 1986-2023 by Cisco Systems, Inc.
Compiled Thu 05-Oct-23 04:32 by mcpre

ROM: Bootstrap program is C2960X boot loader
BOOTLDR: C2960X Boot Loader (C2960X-HBOOT-M) Version 15.2(6r)E, RELEASE SOFTWARE (fc1)

CTSWx04 uptime is 11 weeks, 6 days, 19 hours, 5 minutes
System returned to ROM by power-on
System restarted at 15:21:53 UTC Mon Sep 16 2024
System image file is "flash:c2960x-universalk9-mz.152-7.E9.bin"
Last reload reason: Reload command



This product contains cryptographic features and is subject to United
States and local country laws governing import, export, transfer and
use. Delivery of Cisco cryptographic products does not imply
third-party authority to import, export, distribute or use encryption.
Importers, exporters, distributors and users are responsible for
compliance with U.S. and local country laws. By using this product you
agree to comply with applicable laws and regulations. If you are unable
to comply with U.S. and local laws, return this product immediately.

A summary of U.S. laws governing Cisco cryptographic products may be found at:
http://www.cisco.com/wwl/export/crypto/tool/stqrg.html

If you require further assistance please contact us by sending email to
export@cisco.com.

cisco WS-C2960X-48FPD-L (APM86XXX) processor (revision Y0) with 524288K bytes of memory.
Processor board ID FOC2513L8HW
Last reset from power-on
2 Virtual Ethernet interfaces
1 FastEthernet interface
50 Gigabit Ethernet interfaces
4 Ten Gigabit Ethernet interfaces
The password-recovery mechanism is enabled.

512K bytes of flash-simulated non-volatile configuration memory.
Base ethernet MAC Address       : 6C:03:09:9D:50:80
Motherboard assembly number     : 73-16686-07
Power supply part number        : 341-0527-03
Motherboard serial number       : FOC25112VQE
Power supply serial number      : LIT242325HG
Model revision number           : Y0
Motherboard revision number     : C0
Model number                    : WS-C2960X-48FPD-L
Daughterboard assembly number   : 73-14200-03
Daughterboard serial number     : FOC251241MX
System serial number            : FOC2513L8HW
Top Assembly Part Number        : 68-100463-04
Top Assembly Revision Number    : F0
Version ID                      : V08
CLEI Code Number                : CMMZ500ARA
Daughterboard revision number   : B0
Hardware Board Revision Number  : 0x19


Switch Ports Model                     SW Version            SW Image                 
------ ----- -----                     ----------            ----------               
*    1 54    WS-C2960X-48FPD-L         15.2(7)E9             C2960X-UNIVERSALK9-M     


Configuration register is 0xF

CTSWx04#thernet interfaces
52 Gigabit Ethernet interfaces
8 Ten Gigabit Ethernet interfaces
2 TwentyFive Gigabit Ethernet interfaces
2 Forty Gigabit Ethernet interfaces
2048K bytes of non-volatile configuration memory.
8388608K bytes of physical memory.
1638400K bytes of Crash Files at crashinfo:.
11264000K bytes of Flash at flash:.
0K bytes of WebUI ODM Files at webui:.

Base Ethernet MAC Address          : ac:7a:56:9e:17:80
Motherboard Assembly Number        : 73-18274-05
Motherboard Serial Number          : FOC241652U2
Model Revision Number              : A0
Motherboard Revision Number        : A0
Model Number                       : C9300-48P
System Serial Number               : FOC2417U0K4


Switch Ports Model              SW Version        SW Image              Mode   
------ ----- -----              ----------        ----------            ----   
*    1 65    C9300-48P          16.12.02          CAT9K_IOSXE           INSTALL


Configuration register is 0x102

CTSWx01#